*** Starting uWSGI 2.0.12-debian (64bit) on [Wed Aug 21 21:19:34 2019] ***
compiled with version: 5.4.0 20160609 on 28 September 2018 15:49:44
os: Linux-4.15.0-55-generic #60~16.04.2-Ubuntu SMP Thu Jul 4 09:03:09 UTC 2019
nodename: fxh-ubuntu16
machine: x86_64
clock source: unix
pcre jit disabled
detected number of CPU cores: 4
current working directory: /home/fxh/python/project/dailyfresh
writing pidfile to uwsgi2.pid
detected binary path: /usr/bin/uwsgi-core
your processes number limit is 30897
your memory page size is 4096 bytes
detected max file descriptor number: 1024
lock engine: pthread robust mutexes
thunder lock: disabled (you can enable it with --thunder-lock)
uwsgi socket 0 bound to TCP address 127.0.0.1:8081 fd 3
your server socket listen backlog is limited to 100 connections
your mercy for graceful operations on workers is 60 seconds
mapped 415360 bytes (405 KB) for 8 cores
*** Operational MODE: preforking+threaded ***
*** no app loaded. going in full dynamic mode ***
*** uWSGI is running in multiple interpreter mode ***
!!!!!!!!!!!!!! WARNING !!!!!!!!!!!!!!
no request plugin is loaded, you will not be able to manage requests.
you may need to install the package for your language of choice, or simply load it with --plugin.
!!!!!!!!!!! END OF WARNING !!!!!!!!!!
spawned uWSGI master process (pid: 10153)
spawned uWSGI worker 1 (pid: 10154, cores: 2)
spawned uWSGI worker 2 (pid: 10155, cores: 2)
spawned uWSGI worker 3 (pid: 10157, cores: 2)
spawned uWSGI worker 4 (pid: 10159, cores: 2)
*** Starting uWSGI 2.0.12-debian (64bit) on [Wed Aug 21 21:20:29 2019] ***
compiled with version: 5.4.0 20160609 on 28 September 2018 15:49:44
os: Linux-4.15.0-55-generic #60~16.04.2-Ubuntu SMP Thu Jul 4 09:03:09 UTC 2019
nodename: fxh-ubuntu16
machine: x86_64
clock source: unix
pcre jit disabled
detected number of CPU cores: 4
current working directory: /home/fxh/python/project/dailyfresh
writing pidfile to uwsgi2.pid
detected binary path: /usr/bin/uwsgi-core
your processes number limit is 30897
your memory page size is 4096 bytes
detected max file descriptor number: 1024
lock engine: pthread robust mutexes
thunder lock: disabled (you can enable it with --thunder-lock)
probably another instance of uWSGI is running on the same address (127.0.0.1:8081).
bind(): Address already in use [core/socket.c line 769]
Wed Aug 21 21:22:58 2019 - uWSGI worker 2 screams: UAAAAAAH my master disconnected: i will kill myself !!!
Wed Aug 21 21:22:58 2019 - uWSGI worker 1 screams: UAAAAAAH my master disconnected: i will kill myself !!!
Wed Aug 21 21:22:58 2019 - uWSGI worker 3 screams: UAAAAAAH my master disconnected: i will kill myself !!!
Wed Aug 21 21:22:58 2019 - uWSGI worker 4 screams: UAAAAAAH my master disconnected: i will kill myself !!!
Wed Aug 21 21:22:58 2019 - uWSGI worker 3 screams: UAAAAAAH my master disconnected: i will kill myself !!!
*** Starting uWSGI 2.0.12-debian (64bit) on [Wed Aug 21 21:23:24 2019] ***
compiled with version: 5.4.0 20160609 on 28 September 2018 15:49:44
os: Linux-4.15.0-55-generic #60~16.04.2-Ubuntu SMP Thu Jul 4 09:03:09 UTC 2019
nodename: fxh-ubuntu16
machine: x86_64
clock source: unix
pcre jit disabled
detected number of CPU cores: 4
current working directory: /home/fxh/python/project/dailyfresh
writing pidfile to uwsgi2.pid
detected binary path: /usr/bin/uwsgi-core
your processes number limit is 30897
your memory page size is 4096 bytes
detected max file descriptor number: 1024
lock engine: pthread robust mutexes
thunder lock: disabled (you can enable it with --thunder-lock)
uwsgi socket 0 bound to TCP address 127.0.0.1:8081 fd 3
Python version: 3.5.2 (default, Nov 12 2018, 13:43:14)  [GCC 5.4.0 20160609]
Set PythonHome to /home/fxh/.virtualenvs/Project/django
Python main interpreter initialized at 0x24d5840
python threads support enabled
your server socket listen backlog is limited to 100 connections
your mercy for graceful operations on workers is 60 seconds
mapped 415360 bytes (405 KB) for 8 cores
*** Operational MODE: preforking+threaded ***
WSGI app 0 (mountpoint='') ready in 1 seconds on interpreter 0x24d5840 pid: 10235 (default app)
*** uWSGI is running in multiple interpreter mode ***
spawned uWSGI master process (pid: 10235)
spawned uWSGI worker 1 (pid: 10237, cores: 2)
spawned uWSGI worker 2 (pid: 10238, cores: 2)
spawned uWSGI worker 3 (pid: 10241, cores: 2)
spawned uWSGI worker 4 (pid: 10243, cores: 2)
SIGINT/SIGQUIT received...killing workers...
worker 1 buried after 1 seconds
worker 2 buried after 1 seconds
worker 3 buried after 1 seconds
worker 4 buried after 1 seconds
goodbye to uWSGI.
